<?xml version="1.0" encoding="UTF-8"?>
<!-- Generated by org.testng.reporters.JUnitReportReporter -->
<testsuite hostname="LAPTOP-5CK4J9DQ" failures="0" tests="1" name="loginTest.openFacebook" time="0.274" errors="0" timestamp="2023-09-17T23:48:02 EDT" skipped="0">
  <testcase classname="loginTest.openFacebook" name="loginTest" time="0.274"/>
  <system-out/>
</testsuite> <!-- loginTest.openFacebook -->
