<?xml version="1.0" encoding="UTF-8"?>
<!-- Generated by org.testng.reporters.JUnitReportReporter -->
<testsuite hostname="LAPTOP-5CK4J9DQ" failures="0" tests="2" name="loginTest.Assertion" time="0.239" errors="0" timestamp="2023-09-19T00:50:25 EDT" skipped="0">
  <testcase classname="loginTest.Assertion" name="assertion" time="0.019"/>
  <system-out/>
  <testcase classname="loginTest.Assertion" name="facebookLoginTest" time="0.220"/>
  <system-out/>
</testsuite> <!-- loginTest.Assertion -->
